Project Log


Angstrom@beagleboneblack	
-------------------------

ISSUE:	
	root@beaglebone:~/opencv_t# ./face_detect.py
	Traceback (most recent call last):
	  File "./face_detect.py", line 7, in <module>
		import cv2
	ImportError: No module named cv2

ISSUE_SOLVED_BY:
`	sudo apt-get install python-opencv
	
	root@beaglebone:~/opencv_t# ./face_detect.py abba.png haarcascade_frontalface_default.xml 
	Found 4 faces!

ISSUE:
	Unable to run the face detect program from the live camera 		feed
ISSUE_UNSOLVED:
	So using a Debian image as it is well supported when compared to Angstrom OS. 
	

Debian Wheezy@beagleboneblack
------------------------------

ISSUE:
	root@beaglebone:~# man make
	man: can't set the locale; make sure $LC_* and $LANG are 		correct

ISSUE_SOLVED_BY:
	dpkg-reconfigure locales
		this will set the locale
	
	or
	
	$ sudo locale-gen "en_US.UTF-8"
	Generating locales...
	  en_US.UTF-8... done
	Generation complete.

	$ sudo dpkg-reconfigure locales
	Generating locales...
	  en_US.UTF-8... up-to-date
	Generation complete.
	
ISSUE:
	Corrupt JPEG data: 2 extraneous Bytes at marker location 0xd3
	
ISSUE_UNSOLVED:
	so moving to JESSIE
	
Debian Jessie@beagleboneblack
-----------------------------

apt-get update
apt-get upgrade

Setting up the packages required for installing OpenCV:
	[compiler] sudo apt-get install build-essential
	[required] sudo apt-get install cmake git libgtk2.0-dev pkg-config libavcodec-dev libavformat-dev libswscale-dev
	[optional] sudo apt-get install python-dev python-numpy libtbb2 libtbb-dev libjpeg-dev libpng-dev libtiff-dev libjasper-dev libdc1394-22-dev

Getting the Source Code:
	wget https://github.com/Itseez/opencv/archive/3.0.0.zip
	unzip 3.0.0.zip
	
Building and Installing OpenCV
	cd opencv
 	mkdir build && cd build
 	cmake -D CMAKE_BUILD_TYPE=RELEASE -D CMAKE_INSTALL_PREFIX=/usr/local -D WITH_CUDA=OFF -D WITH_CUFFT=OFF -D WITH_CUBLAS=OFF -D WITH_NVCUVID=OFF -D WITH_OPENCL=OFF -D WITH_OPENCLAMDFFT=OFF -D WITH_OPENCLAMDBLAS=OFF -D BUILD_opencv_apps=OFF -D BUILD_DOCS=OFF -D BUILD_PERF_TESTS=OFF -D BUILD_TESTS=OFF -D ENABLE_NEON=on ..
 	make
 	sudo make install
 	sudo ldconfig
 	
 	$apt-get install v4l2ucp
 	$apt-get install libv4l-dev	
 	$apt-get install v4l2*
 	recompile opencv

Installed opengl library  	
 	$apt-get install python-opengl
		doesnot works
	so the issue is
	 
ISUUE:	
	locale: Cannot set LC_CTYPE to default locale: No such file or directory
	locale: Cannot set LC_MESSAGES to default locale: No such file or directory
	locale: Cannot set LC_ALL to default locale: No such file or directory
	LANG=en_IN
 	

Adding to /etc/environment and rebooting. 
Code:
	LC_ALL="en_IN.utf8"

POOSIBLE CAUSE:
	$v4l2-ctl  --info 
		gives different version numbers 
			4.1.12 on BBB and 3.13.11 on PC

	for v4l-utils 
			it is 1.0.1-1 on PC and 1.6.0-2 on BBB
TRYING;
 	$apt-cache showpkg [package name]
		shows the package name and dependencies
________________________________________________

		
Running the python script at startup
-----------------------------------
Method1 :(doesn't works)

	$crontab -e
		
	/usr/bin/python /home/fahad/Desktop/BB_IP/opencv_python/face_save_live_feed.py 
		doesn't works
		
Add a facedetect.conf file in /etc/init/ having content:
	/home/fahad/Desktop/BBB_IP/opencv_python/face_save_live_feed.py 

Method2: ()
	
	$cd /etc/init.d/
	$gedit facedetect
	
	> #!/bin/sh

	>### BEGIN INIT INFO
	># Provides:          facedetect
	># Required-Start:    $all
	># Required-Stop:     
	># Default-Start:     2 3 4 5 
	># Default-Stop:      
	># Short-Description: Face capturing daemon
	># Description:       Enable service provided by daemon.
	>### END INIT INFO

	>. /lib/lsb/init-functions

	>exec /home/fahad/Desktop/BBB_IP/opencv_python/face_save_live_feed.py /home/fahad/Desktop/BBB_IP/opencv_python/haarcascade_frontalface_default.xml &

	>exit 0
	
	$chmod 755 facedetect
	$update-rc.d facedetect defaults
		will create the symbolic links in /etc/rc[2-5].d with S prefix and in /etc/rc[0,1,6].d with K prefix
		(where [0-9] are runlevels that are states of init and the whole system that defines what system services are operating )
		

	
	--> but well it is working for small scripts, for example hello.py is printing a msg and it is being saved continously in a file 	
			
----------------------------------------------------------


Saving faces captured by device(or just some random files since the camera is not working):
-------------------------------

	Through ftp:
		$sudo apt-get install vsftpd
		----incomplete
		
		
		
		
		
		
		
		
